<?xml version="1.0" encoding="UTF-8"?>
<!-- Generated by org.testng.reporters.JUnitXMLReporter -->
<testsuite ignored="0" hostname="TMPPUN05GTR1613" failures="0" tests="4" name="Default test" time="0.049" errors="0" timestamp="2026-01-19T09:47:48 IST">
  <testcase classname="com.AccessSeleniumDay1_Lib.test" name="f" time="0.007"/>
  <testcase classname="com.AccessSeleniumDay1_Lib.test" name="f" time="0.001"/>
  <testcase classname="com.AccessSeleniumDay1_Lib.test" name="f" time="0.001"/>
  <testcase classname="com.AccessSeleniumDay1_Lib.test" name="f" time="0.002"/>
</testsuite> <!-- Default test -->
