<?xml version="1.0" encoding="UTF-8"?>
<testng-results ignored="0" total="4" passed="4" failed="0" skipped="0">
  <reporter-output>
  </reporter-output>
  <suite started-at="2026-01-19T09:47:48 IST" name="Default suite" finished-at="2026-01-19T09:47:48 IST" duration-ms="49">
    <groups>
    </groups>
    <test started-at="2026-01-19T09:47:48 IST" name="Default test" finished-at="2026-01-19T09:47:48 IST" duration-ms="49">
      <class name="com.AccessSeleniumDay1_Lib.test">
        <test-method signature="f(java.lang.String,java.lang.String)[pri:0, instance:com.AccessSeleniumDay1_Lib.test@26794848]" started-at="2026-01-19T09:47:48 IST" name="f" data-provider="dp" finished-at="2026-01-19T09:47:48 IST" duration-ms="7" status="PASS">
          <params>
            <param index="0">
              <value>
                <![CDATA[abc@gmail.com]]>
              </value>
            </param>
            <param index="1">
              <value>
                <![CDATA[abcdef]]>
              </value>
            </param>
          </params>
          <reporter-output>
          </reporter-output>
        </test-method> <!-- f -->
        <test-method signature="f(java.lang.String,java.lang.String)[pri:0, instance:com.AccessSeleniumDay1_Lib.test@26794848]" started-at="2026-01-19T09:47:48 IST" name="f" data-provider="dp" finished-at="2026-01-19T09:47:48 IST" duration-ms="1" status="PASS">
          <params>
            <param index="0">
              <value>
                <![CDATA[def@gmail.com]]>
              </value>
            </param>
            <param index="1">
              <value>
                <![CDATA[ghijkl]]>
              </value>
            </param>
          </params>
          <reporter-output>
          </reporter-output>
        </test-method> <!-- f -->
        <test-method signature="f(java.lang.String,java.lang.String)[pri:0, instance:com.AccessSeleniumDay1_Lib.test@26794848]" started-at="2026-01-19T09:47:48 IST" name="f" data-provider="dp" finished-at="2026-01-19T09:47:48 IST" duration-ms="1" status="PASS">
          <params>
            <param index="0">
              <value>
                <![CDATA[anush@gmail.com]]>
              </value>
            </param>
            <param index="1">
              <value>
                <![CDATA[mnopq]]>
              </value>
            </param>
          </params>
          <reporter-output>
          </reporter-output>
        </test-method> <!-- f -->
        <test-method signature="f(java.lang.String,java.lang.String)[pri:0, instance:com.AccessSeleniumDay1_Lib.test@26794848]" started-at="2026-01-19T09:47:48 IST" name="f" data-provider="dp" finished-at="2026-01-19T09:47:48 IST" duration-ms="2" status="PASS">
          <params>
            <param index="0">
              <value>
                <![CDATA[athul@gmail.com]]>
              </value>
            </param>
            <param index="1">
              <value>
                <![CDATA[rstuv]]>
              </value>
            </param>
          </params>
          <reporter-output>
          </reporter-output>
        </test-method> <!-- f -->
      </class> <!-- com.AccessSeleniumDay1_Lib.test -->
    </test> <!-- Default test -->
  </suite> <!-- Default suite -->
</testng-results>
