<?xml version="1.0" encoding="UTF-8"?>
<testng-results ignored="0" total="1" passed="1" failed="0" skipped="0">
  <reporter-output>
  </reporter-output>
  <suite started-at="2026-01-20T09:57:14 IST" name="Default suite" finished-at="2026-01-20T09:57:19 IST" duration-ms="5316">
    <groups>
    </groups>
    <test started-at="2026-01-20T09:57:14 IST" name="Default test" finished-at="2026-01-20T09:57:19 IST" duration-ms="5316">
      <class name="com.SeleniumScenarios.SeleniumScenarios1_Access">
        <test-method signature="f()[pri:0, instance:com.SeleniumScenarios.SeleniumScenarios1_Access@2ed3b1f5]" started-at="2026-01-20T09:57:14 IST" name="f" finished-at="2026-01-20T09:57:19 IST" duration-ms="5271" status="PASS">
          <reporter-output>
          </reporter-output>
        </test-method> <!-- f -->
      </class> <!-- com.SeleniumScenarios.SeleniumScenarios1_Access -->
    </test> <!-- Default test -->
  </suite> <!-- Default suite -->
</testng-results>
