<?xml version="1.0" encoding="UTF-8"?>
<!-- Generated by org.testng.reporters.JUnitReportReporter -->
<testsuite hostname="TMPPUN05GTR1613" failures="0" tests="4" name="com.AccessSeleniumDay1_Lib.test" time="0.011" errors="0" timestamp="2026-01-19T09:47:48 IST" skipped="0">
  <testcase classname="com.AccessSeleniumDay1_Lib.test" name="f" time="0.001"/>
  <testcase classname="com.AccessSeleniumDay1_Lib.test" name="f" time="0.007"/>
  <testcase classname="com.AccessSeleniumDay1_Lib.test" name="f" time="0.001"/>
  <testcase classname="com.AccessSeleniumDay1_Lib.test" name="f" time="0.002"/>
</testsuite> <!-- com.AccessSeleniumDay1_Lib.test -->
