<?xml version="1.0" encoding="UTF-8"?>
<!-- Generated by org.testng.reporters.JUnitReportReporter -->
<testsuite hostname="TMPPUN05GTR1613" failures="0" tests="3" name="com.AccessSeleniumDay1_Lib.Awesome_TC_01" time="20.409" errors="0" timestamp="2026-01-17T15:52:37 IST" skipped="0">
  <testcase classname="com.AccessSeleniumDay1_Lib.Awesome_TC_01" name="InvokeApp_Awesome" time="1.131"/>
  <testcase classname="com.AccessSeleniumDay1_Lib.Awesome_TC_01" name="Fetch_And_Validate_Title" time="0.011"/>
  <testcase classname="com.AccessSeleniumDay1_Lib.Awesome_TC_01" name="Count_Links_Test" time="19.267"/>
</testsuite> <!-- com.AccessSeleniumDay1_Lib.Awesome_TC_01 -->
